2024-08-19T12:27:38.293Z [[32minfo[39m]: Received request: GET /
2024-08-19T12:27:58.832Z [[32minfo[39m]: Received request: GET /_next/static/css/app/layout.css?v=1724070478259
2024-08-19T12:27:58.839Z [[32minfo[39m]: Received request: GET /_next/static/chunks/webpack.js?v=1724070478259
2024-08-19T12:27:58.928Z [[32minfo[39m]: Received request: GET /_next/static/chunks/main-app.js?v=1724070478259
2024-08-19T12:27:58.933Z [[32minfo[39m]: Received request: GET /_next/static/chunks/app-pages-internals.js
2024-08-19T12:27:58.963Z [[32minfo[39m]: Received request: GET /_next/static/chunks/app/page.js
2024-08-19T12:27:59.104Z [[32minfo[39m]: Received request: GET /_next/static/media/DeliveryTruck.0957493a.svg
2024-08-19T12:27:59.183Z [[32minfo[39m]: Received request: GET /_next/static/media/NodeLogo.798bb00f.svg
2024-08-19T12:27:59.280Z [[32minfo[39m]: Received request: GET /_next/static/media/PCBDesign.a0c3460a.svg
2024-08-19T12:27:59.761Z [[32minfo[39m]: Received request: GET /_next/static/media/RandD.7da01928.svg
2024-08-19T12:27:59.800Z [[32minfo[39m]: Received request: GET /_next/static/media/ElectronicsProjects.29b3ff3c.svg
2024-08-19T12:27:59.853Z [[32minfo[39m]: Received request: GET /_next/static/media/Account.f3a12039.svg
2024-08-19T12:27:59.879Z [[32minfo[39m]: Received request: GET /_next/static/media/Shopping-cart.5981779f.svg
2024-08-19T12:27:59.911Z [[32minfo[39m]: Received request: GET /_next/static/media/Facebook.bc0521b7.svg
2024-08-19T12:27:59.937Z [[32minfo[39m]: Received request: GET /_next/static/chunks/app/layout.js
2024-08-19T12:28:00.585Z [[32minfo[39m]: Received request: GET /_next/static/media/GlobalDelivery.87a8697d.svg
2024-08-19T12:28:01.239Z [[32minfo[39m]: Received request: GET /_next/static/media/EasyPayment.d53f2243.svg
2024-08-19T12:28:01.353Z [[32minfo[39m]: Received request: GET /_next/static/media/FreeShipping.554a4733.svg
2024-08-19T12:28:01.380Z [[32minfo[39m]: Received request: GET /_next/static/media/FullDaySupport.5c20f7e0.svg
2024-08-19T12:28:01.486Z [[32minfo[39m]: Received request: GET /_next/static/media/CashonDelivery.f2d5787e.svg
2024-08-19T12:28:01.499Z [[32minfo[39m]: Received request: GET /_next/static/media/100percentSecure.ecacd566.svg
2024-08-19T12:28:02.201Z [[32minfo[39m]: Received request: GET /_next/static/media/TrackandCancel.63b0c80f.svg
2024-08-19T12:28:02.204Z [[32minfo[39m]: Received request: GET /_next/static/media/24by7-Support.e29c01e6.svg
2024-08-19T12:28:04.786Z [[32minfo[39m]: Received request: GET /favicon.ico
2024-08-19T12:28:07.159Z [[32minfo[39m]: Received request: GET /store/product-categories
2024-08-19T12:28:07.161Z [[32minfo[39m]: Received request: GET /store/products
2024-08-19T12:28:07.162Z [[32minfo[39m]: Received request: GET /api/product_category_product/read
2024-08-19T12:28:07.230Z [[32minfo[39m]: Received request: GET /store/product-categories
2024-08-19T12:28:07.794Z [[32minfo[39m]: Received request: GET /store/products
2024-08-19T12:28:07.921Z [[32minfo[39m]: Received request: GET /store/products
2024-08-19T12:28:08.007Z [[32minfo[39m]: Received request: GET /store/products
2024-08-19T12:28:08.098Z [[32minfo[39m]: Received request: GET /store/products
2024-08-19T12:28:08.159Z [[32minfo[39m]: Received request: GET /store/products
2024-08-19T12:28:10.645Z [[32minfo[39m]: Received request: GET /api/product_category_product/read
2024-08-19T12:29:21.206Z [[32minfo[39m]: Received request: GET /
2024-08-19T12:29:21.744Z [[32minfo[39m]: Received request: GET /_next/static/css/app/layout.css?v=1724070561241
2024-08-19T12:29:21.748Z [[32minfo[39m]: Received request: GET /_next/static/chunks/webpack.js?v=1724070561241
2024-08-19T12:29:21.756Z [[32minfo[39m]: Received request: GET /_next/static/chunks/main-app.js?v=1724070561241
2024-08-19T12:29:21.758Z [[32minfo[39m]: Received request: GET /_next/static/chunks/app-pages-internals.js
2024-08-19T12:29:21.760Z [[32minfo[39m]: Received request: GET /_next/static/chunks/app/page.js
2024-08-19T12:29:21.761Z [[32minfo[39m]: Received request: GET /_next/static/chunks/app/layout.js
2024-08-19T12:29:21.867Z [[32minfo[39m]: Received request: GET /_next/static/media/Facebook.bc0521b7.svg
2024-08-19T12:29:21.876Z [[32minfo[39m]: Received request: GET /_next/static/media/NodeLogo.798bb00f.svg
2024-08-19T12:29:21.881Z [[32minfo[39m]: Received request: GET /_next/static/media/Account.f3a12039.svg
2024-08-19T12:29:22.003Z [[32minfo[39m]: Received request: GET /_next/static/media/Shopping-cart.5981779f.svg
2024-08-19T12:29:22.011Z [[32minfo[39m]: Received request: GET /_next/static/media/DeliveryTruck.0957493a.svg
2024-08-19T12:29:22.050Z [[32minfo[39m]: Received request: GET /_next/static/media/PCBDesign.a0c3460a.svg
2024-08-19T12:29:22.145Z [[32minfo[39m]: Received request: GET /_next/static/media/RandD.7da01928.svg
2024-08-19T12:29:22.188Z [[32minfo[39m]: Received request: GET /_next/static/media/ElectronicsProjects.29b3ff3c.svg
2024-08-19T12:29:22.341Z [[32minfo[39m]: Received request: GET /_next/static/media/GlobalDelivery.87a8697d.svg
2024-08-19T12:29:22.344Z [[32minfo[39m]: Received request: GET /_next/static/media/EasyPayment.d53f2243.svg
2024-08-19T12:29:22.375Z [[32minfo[39m]: Received request: GET /_next/static/media/FreeShipping.554a4733.svg
2024-08-19T12:29:22.516Z [[32minfo[39m]: Received request: GET /_next/static/media/FullDaySupport.5c20f7e0.svg
2024-08-19T12:29:22.569Z [[32minfo[39m]: Received request: GET /_next/static/media/CashonDelivery.f2d5787e.svg
2024-08-19T12:29:22.648Z [[32minfo[39m]: Received request: GET /_next/static/media/100percentSecure.ecacd566.svg
2024-08-19T12:29:22.781Z [[32minfo[39m]: Received request: GET /_next/static/media/TrackandCancel.63b0c80f.svg
2024-08-19T12:29:22.795Z [[32minfo[39m]: Received request: GET /_next/static/media/24by7-Support.e29c01e6.svg
2024-08-19T12:29:24.588Z [[32minfo[39m]: Received request: GET /favicon.ico
2024-08-19T12:29:25.098Z [[32minfo[39m]: Received request: GET /store/product-categories
2024-08-19T12:29:25.132Z [[32minfo[39m]: Received request: GET /store/products
2024-08-19T12:29:25.145Z [[32minfo[39m]: Received request: GET /api/product_category_product/read
2024-08-19T12:29:25.465Z [[32minfo[39m]: Received request: GET /store/product-categories
2024-08-19T12:29:25.745Z [[32minfo[39m]: Received request: GET /api/product_category_product/read
2024-08-19T12:29:25.939Z [[32minfo[39m]: Received request: GET /store/products
2024-08-19T12:29:25.973Z [[32minfo[39m]: Received request: GET /store/products
2024-08-19T12:29:26.012Z [[32minfo[39m]: Received request: GET /store/products
2024-08-19T12:29:26.060Z [[32minfo[39m]: Received request: GET /store/products
2024-08-19T12:29:26.096Z [[32minfo[39m]: Received request: GET /store/products
